<!DOCTYPE article PUBLIC "my doctype of doom" "mydoctype.dtd">
<data>
    Parthénogénese du poulpe en milieu sub-aquatique
    <jojo>
    </jojo>
    <bar>
    </bar>
    <foo>
    </foo>
    <foo2>
    </foo2>
</data>
