<!DOCTPE artile PUBLC my doctype of doom" "mydoctype.dtd>
<xpath>
    <to>
        <my>
            <infos>trezaq</infos>
        </my>
    </to>
</xpath>
