<!DOCTYPE article PUBLIC "my doctype of doom" "myOtherDoctype.dtd">
<xpath>
    <to>
        <my>
            <infos>trezaq</infos>
        </my>
    </to>
</xpath>
