<!DOCTYPE article PUBLIC "my doctype of doom" "mydoctype.dtd">
<xpath>
    <to>
        <my>
            <infos>trezaq</infos>
    </to>
</xpath>
